  bvh.cpp
C:\Users\jfons\Documents\P3D_proj\P3D_ex1\maths.h(69,23): warning C4244: 'return' : conversion de 'double' en 'float', perte possible de données
C:\Users\jfons\Documents\P3D_proj\P3D_ex1\camera.h(75,18): warning C4244: 'initialisation' : conversion de 'double' en 'float', perte possible de données
C:\Users\jfons\Documents\P3D_proj\P3D_ex1\camera.h(76,18): warning C4244: 'initialisation' : conversion de 'double' en 'float', perte possible de données
C:\Users\jfons\Documents\P3D_proj\P3D_ex1\color.h(42,14): warning C4244: 'argument' : conversion de 'double' en 'float', perte possible de données
C:\Users\jfons\Documents\P3D_proj\P3D_ex1\color.h(41,14): warning C4244: 'argument' : conversion de 'double' en 'float', perte possible de données
C:\Users\jfons\Documents\P3D_proj\P3D_ex1\color.h(40,28): warning C4244: 'argument' : conversion de 'double' en 'float', perte possible de données
C:\Users\jfons\Documents\P3D_proj\P3D_ex1\bvh.cpp(25,49): warning C4267: 'return' : conversion de 'size_t' en 'int', perte possible de données
C:\Users\jfons\Documents\P3D_proj\P3D_ex1\bvh.cpp(45,43): warning C4267: 'argument' : conversion de 'size_t' en 'int', perte possible de données
C:\Users\jfons\Documents\P3D_proj\P3D_ex1\bvh.cpp(60,10): warning C4101: 'tmp' : variable locale non référencée
C:\Users\jfons\Documents\P3D_proj\P3D_ex1\bvh.cpp(72,10): warning C4101: 'tmp' : variable locale non référencée
  grid.cpp
C:\Users\jfons\Documents\P3D_proj\P3D_ex1\maths.h(69,23): warning C4244: 'return' : conversion de 'double' en 'float', perte possible de données
C:\Users\jfons\Documents\P3D_proj\P3D_ex1\camera.h(75,18): warning C4244: 'initialisation' : conversion de 'double' en 'float', perte possible de données
C:\Users\jfons\Documents\P3D_proj\P3D_ex1\camera.h(76,18): warning C4244: 'initialisation' : conversion de 'double' en 'float', perte possible de données
C:\Users\jfons\Documents\P3D_proj\P3D_ex1\color.h(42,14): warning C4244: 'argument' : conversion de 'double' en 'float', perte possible de données
C:\Users\jfons\Documents\P3D_proj\P3D_ex1\color.h(41,14): warning C4244: 'argument' : conversion de 'double' en 'float', perte possible de données
C:\Users\jfons\Documents\P3D_proj\P3D_ex1\color.h(40,28): warning C4244: 'argument' : conversion de 'double' en 'float', perte possible de données
C:\Users\jfons\Documents\P3D_proj\P3D_ex1\grid.cpp(9,23): warning C4267: 'return' : conversion de 'size_t' en 'int', perte possible de données
C:\Users\jfons\Documents\P3D_proj\P3D_ex1\grid.cpp(63,18): warning C4244: '=' : conversion de 'double' en 'int', perte possible de données
C:\Users\jfons\Documents\P3D_proj\P3D_ex1\grid.cpp(64,18): warning C4244: '=' : conversion de 'double' en 'int', perte possible de données
C:\Users\jfons\Documents\P3D_proj\P3D_ex1\grid.cpp(65,18): warning C4244: '=' : conversion de 'double' en 'int', perte possible de données
C:\Users\jfons\Documents\P3D_proj\P3D_ex1\grid.cpp(80,13): warning C4244: 'initialisation' : conversion de 'double' en 'int', perte possible de données
C:\Users\jfons\Documents\P3D_proj\P3D_ex1\grid.cpp(81,13): warning C4244: 'initialisation' : conversion de 'double' en 'int', perte possible de données
C:\Users\jfons\Documents\P3D_proj\P3D_ex1\grid.cpp(82,13): warning C4244: 'initialisation' : conversion de 'double' en 'int', perte possible de données
C:\Users\jfons\Documents\P3D_proj\P3D_ex1\grid.cpp(83,13): warning C4244: 'initialisation' : conversion de 'double' en 'int', perte possible de données
C:\Users\jfons\Documents\P3D_proj\P3D_ex1\grid.cpp(84,13): warning C4244: 'initialisation' : conversion de 'double' en 'int', perte possible de données
C:\Users\jfons\Documents\P3D_proj\P3D_ex1\grid.cpp(85,13): warning C4244: 'initialisation' : conversion de 'double' en 'int', perte possible de données
C:\Users\jfons\Documents\P3D_proj\P3D_ex1\grid.cpp(32,6): warning C4101: 'xmin' : variable locale non référencée
C:\Users\jfons\Documents\P3D_proj\P3D_ex1\grid.cpp(33,12): warning C4101: 'ymax' : variable locale non référencée
C:\Users\jfons\Documents\P3D_proj\P3D_ex1\grid.cpp(34,12): warning C4101: 'zmax' : variable locale non référencée
C:\Users\jfons\Documents\P3D_proj\P3D_ex1\grid.cpp(35,6): warning C4101: 'index' : variable locale non référencée
C:\Users\jfons\Documents\P3D_proj\P3D_ex1\grid.cpp(33,6): warning C4101: 'ymin' : variable locale non référencée
C:\Users\jfons\Documents\P3D_proj\P3D_ex1\grid.cpp(32,12): warning C4101: 'xmax' : variable locale non référencée
C:\Users\jfons\Documents\P3D_proj\P3D_ex1\grid.cpp(34,6): warning C4101: 'zmin' : variable locale non référencée
C:\Users\jfons\Documents\P3D_proj\P3D_ex1\grid.cpp(124,10): warning C4244: 'initialisation' : conversion de 'double' en 'float', perte possible de données
C:\Users\jfons\Documents\P3D_proj\P3D_ex1\grid.cpp(134,10): warning C4244: 'initialisation' : conversion de 'double' en 'float', perte possible de données
C:\Users\jfons\Documents\P3D_proj\P3D_ex1\grid.cpp(144,10): warning C4244: 'initialisation' : conversion de 'double' en 'float', perte possible de données
C:\Users\jfons\Documents\P3D_proj\P3D_ex1\grid.cpp(177,13): warning C4244: '=' : conversion de 'double' en 'int', perte possible de données
C:\Users\jfons\Documents\P3D_proj\P3D_ex1\grid.cpp(178,13): warning C4244: '=' : conversion de 'double' en 'int', perte possible de données
C:\Users\jfons\Documents\P3D_proj\P3D_ex1\grid.cpp(179,13): warning C4244: '=' : conversion de 'double' en 'int', perte possible de données
C:\Users\jfons\Documents\P3D_proj\P3D_ex1\grid.cpp(183,13): warning C4244: '=' : conversion de 'double' en 'int', perte possible de données
C:\Users\jfons\Documents\P3D_proj\P3D_ex1\grid.cpp(184,13): warning C4244: '=' : conversion de 'double' en 'int', perte possible de données
C:\Users\jfons\Documents\P3D_proj\P3D_ex1\grid.cpp(185,13): warning C4244: '=' : conversion de 'double' en 'int', perte possible de données
  main.cpp
C:\Users\jfons\Documents\P3D_proj\P3D_ex1\maths.h(69,23): warning C4244: 'return' : conversion de 'double' en 'float', perte possible de données
C:\Users\jfons\Documents\P3D_proj\P3D_ex1\camera.h(75,18): warning C4244: 'initialisation' : conversion de 'double' en 'float', perte possible de données
C:\Users\jfons\Documents\P3D_proj\P3D_ex1\camera.h(76,18): warning C4244: 'initialisation' : conversion de 'double' en 'float', perte possible de données
C:\Users\jfons\Documents\P3D_proj\P3D_ex1\color.h(42,14): warning C4244: 'argument' : conversion de 'double' en 'float', perte possible de données
C:\Users\jfons\Documents\P3D_proj\P3D_ex1\color.h(41,14): warning C4244: 'argument' : conversion de 'double' en 'float', perte possible de données
C:\Users\jfons\Documents\P3D_proj\P3D_ex1\color.h(40,28): warning C4244: 'argument' : conversion de 'double' en 'float', perte possible de données
  scene.cpp
C:\Users\jfons\Documents\P3D_proj\P3D_ex1\maths.h(69,23): warning C4244: 'return' : conversion de 'double' en 'float', perte possible de données
C:\Users\jfons\Documents\P3D_proj\P3D_ex1\camera.h(75,18): warning C4244: 'initialisation' : conversion de 'double' en 'float', perte possible de données
C:\Users\jfons\Documents\P3D_proj\P3D_ex1\camera.h(76,18): warning C4244: 'initialisation' : conversion de 'double' en 'float', perte possible de données
C:\Users\jfons\Documents\P3D_proj\P3D_ex1\color.h(42,14): warning C4244: 'argument' : conversion de 'double' en 'float', perte possible de données
C:\Users\jfons\Documents\P3D_proj\P3D_ex1\color.h(41,14): warning C4244: 'argument' : conversion de 'double' en 'float', perte possible de données
C:\Users\jfons\Documents\P3D_proj\P3D_ex1\color.h(40,28): warning C4244: 'argument' : conversion de 'double' en 'float', perte possible de données
C:\Users\jfons\Documents\P3D_proj\P3D_ex1\scene.cpp(156,23): warning C4267: 'return' : conversion de 'size_t' en 'int', perte possible de données
C:\Users\jfons\Documents\P3D_proj\P3D_ex1\scene.cpp(176,22): warning C4267: 'return' : conversion de 'size_t' en 'int', perte possible de données
C:\Users\jfons\Documents\P3D_proj\P3D_ex1\scene.cpp(304,23): warning C4244: '=' : conversion de 'double' en 'float', perte possible de données
C:\Users\jfons\Documents\P3D_proj\P3D_ex1\scene.cpp(305,23): warning C4244: '=' : conversion de 'double' en 'float', perte possible de données
C:\Users\jfons\Documents\P3D_proj\P3D_ex1\scene.cpp(244,8): warning C4101: 't_intersec' : variable locale non référencée
C:\Users\jfons\Documents\P3D_proj\P3D_ex1\scene.cpp(370,56): warning C4244: 'argument' : conversion de 'double' en 'float', perte possible de données
C:\Users\jfons\Documents\P3D_proj\P3D_ex1\scene.cpp(370,53): warning C4244: 'argument' : conversion de 'double' en 'float', perte possible de données
C:\Users\jfons\Documents\P3D_proj\P3D_ex1\scene.cpp(370,46): warning C4244: 'argument' : conversion de 'double' en 'float', perte possible de données
C:\Users\jfons\Documents\P3D_proj\P3D_ex1\scene.cpp(370,42): warning C4244: 'argument' : conversion de 'double' en 'float', perte possible de données
C:\Users\jfons\Documents\P3D_proj\P3D_ex1\scene.cpp(370,34): warning C4244: 'argument' : conversion de 'double' en 'float', perte possible de données
C:\Users\jfons\Documents\P3D_proj\P3D_ex1\scene.cpp(424,23): warning C4018: '<' : incompatibilité signed/unsigned
C:\Users\jfons\Documents\P3D_proj\P3D_ex1\scene.cpp(428,23): warning C4018: '<' : incompatibilité signed/unsigned
C:\Users\jfons\Documents\P3D_proj\P3D_ex1\scene.cpp(501,56): warning C4244: 'argument' : conversion de 'double' en 'float', perte possible de données
C:\Users\jfons\Documents\P3D_proj\P3D_ex1\scene.cpp(542,40): warning C4244: 'argument' : conversion de 'time_t' en 'const int', perte possible de données
C:\Users\jfons\Documents\P3D_proj\P3D_ex1\scene.cpp(546,46): warning C4305: 'argument' : troncation de 'double' à 'float'
C:\Users\jfons\Documents\P3D_proj\P3D_ex1\scene.cpp(552,59): warning C4305: 'argument' : troncation de 'double' à 'float'
C:\Users\jfons\Documents\P3D_proj\P3D_ex1\scene.cpp(552,145): warning C4305: 'argument' : troncation de 'double' à 'float'
C:\Users\jfons\Documents\P3D_proj\P3D_ex1\scene.cpp(571,59): warning C4244: 'argument' : conversion de 'double' en 'float', perte possible de données
C:\Users\jfons\Documents\P3D_proj\P3D_ex1\scene.cpp(571,80): warning C4305: 'argument' : troncation de 'double' à 'float'
C:\Users\jfons\Documents\P3D_proj\P3D_ex1\scene.cpp(571,29): warning C4244: 'argument' : conversion de 'double' en 'float', perte possible de données
C:\Users\jfons\Documents\P3D_proj\P3D_ex1\scene.cpp(573): warning C4305: 'argument' : troncation de 'double' à 'float'
C:\Users\jfons\Documents\P3D_proj\P3D_ex1\scene.cpp(575,77): warning C4244: 'argument' : conversion de 'double' en 'float', perte possible de données
C:\Users\jfons\Documents\P3D_proj\P3D_ex1\scene.cpp(575,62): warning C4244: 'argument' : conversion de 'double' en 'float', perte possible de données
C:\Users\jfons\Documents\P3D_proj\P3D_ex1\scene.cpp(575,47): warning C4244: 'argument' : conversion de 'double' en 'float', perte possible de données
C:\Users\jfons\Documents\P3D_proj\P3D_ex1\scene.cpp(576,38): warning C4305: 'argument' : troncation de 'double' à 'float'
C:\Users\jfons\Documents\P3D_proj\P3D_ex1\scene.cpp(581,116): warning C4244: 'argument' : conversion de 'double' en 'float', perte possible de données
C:\Users\jfons\Documents\P3D_proj\P3D_ex1\scene.cpp(581,95): warning C4244: 'argument' : conversion de 'double' en 'float', perte possible de données
C:\Users\jfons\Documents\P3D_proj\P3D_ex1\scene.cpp(581,74): warning C4244: 'argument' : conversion de 'double' en 'float', perte possible de données
C:\Users\jfons\Documents\P3D_proj\P3D_ex1\scene.cpp(582,38): warning C4305: 'argument' : troncation de 'double' à 'float'
C:\Users\jfons\Documents\P3D_proj\P3D_ex1\scene.cpp(587,95): warning C4305: 'argument' : troncation de 'double' à 'float'
C:\Users\jfons\Documents\P3D_proj\P3D_ex1\scene.cpp(588,38): warning C4305: 'argument' : troncation de 'double' à 'float'
C:\Users\jfons\Documents\P3D_proj\P3D_ex1\scene.cpp(597,91): warning C4305: 'argument' : troncation de 'double' à 'float'
C:\Users\jfons\Documents\P3D_proj\P3D_ex1\scene.cpp(602,45): warning C4305: 'argument' : troncation de 'double' à 'float'
C:\Users\jfons\Documents\P3D_proj\P3D_ex1\scene.cpp(602,91): warning C4305: 'argument' : troncation de 'double' à 'float'
C:\Users\jfons\Documents\P3D_proj\P3D_ex1\scene.cpp(607,45): warning C4305: 'argument' : troncation de 'double' à 'float'
C:\Users\jfons\Documents\P3D_proj\P3D_ex1\scene.cpp(607,72): warning C4305: 'argument' : troncation de 'double' à 'float'
  Génération de code en cours...
  P3D_ex1.vcxproj -> C:\Users\jfons\Documents\P3D_proj\x64\Debug\P3D_ex1.exe
  0 fichier(s) copiÚ(s)
